<?xml version="1.0" encoding="UTF-8"?>
<testsuite xmlns:xsi="http://www.w3.org/2001/XMLSchema-instance" xsi:noNamespaceSchemaLocation="https://maven.apache.org/surefire/maven-surefire-plugin/xsd/surefire-test-report.xsd" name="TestEncryption" time="0.258" tests="3" errors="0" skipped="0" failures="0">
  <properties>
[...]
</properties>
  <testcase name="testEncryptionWithSpecialCharacters" classname="TestEncryption" time="0.194"/>
  <testcase name="testBigEncryption" classname="TestEncryption" time="0.001"/>
  <testcase name="testSmallEncryption" classname="TestEncryption" time="0"/>
</testsuite>